<?xml version="1.0" encoding="UTF-8"?>
<!-- Generated by org.testng.reporters.JUnitReportReporter -->
<testsuite hostname="LAPTOP-A4L8FQHQ" failures="0" tests="2" name="com.HireRight_Assessment.runner.TestRunner" time="2.387" errors="0" timestamp="2023-07-17T20:12:03 IST" skipped="0">
  <testcase classname="com.HireRight_Assessment.runner.TestRunner" name="addToCart" time="0.205"/>
  <system-out/>
  <testcase classname="com.HireRight_Assessment.runner.TestRunner" name="login" time="2.182"/>
  <system-out/>
</testsuite> <!-- com.HireRight_Assessment.runner.TestRunner -->
